2019-04-10 10:37:04
2019-04-10 10:37:05
2019-04-10 10:55:15
2019-04-10 10:55:31
2019-04-10 11:25:05
2019-04-10 11:25:06
2019-04-10 11:25:06
2019-04-10 11:25:07
2019-04-10 11:25:07
2019-04-10 11:25:07
2019-04-10 11:25:07
2019-04-10 11:25:19
2019-04-10 11:47:43<xml><ToUserName><![CDATA[gh_17869665399e]]></ToUserName>
<FromUserName><![CDATA[osZ2p1IY34DL7Y2ux6Ay6KW5p1Os]]></FromUserName>
<CreateTime>1554895319</CreateTime>
<MsgType><![CDATA[event]]></MsgType>
<Event><![CDATA[subscribe]]></Event>
<EventKey><![CDATA[]]></EventKey>
</xml>

2019-04-10 12:20:24<xml><ToUserName><![CDATA[gh_17869665399e]]></ToUserName>
<FromUserName><![CDATA[osZ2p1IY34DL7Y2ux6Ay6KW5p1Os]]></FromUserName>
<CreateTime>1554895319</CreateTime>
<MsgType><![CDATA[event]]></MsgType>
<Event><![CDATA[subscribe]]></Event>
<EventKey><![CDATA[]]></EventKey>
</xml>

2019-04-10 12:20:42<xml><ToUserName><![CDATA[gh_17869665399e]]></ToUserName>
<FromUserName><![CDATA[osZ2p1IY34DL7Y2ux6Ay6KW5p1Os]]></FromUserName>
<CreateTime>1554895319</CreateTime>
<MsgType><![CDATA[event]]></MsgType>
<Event><![CDATA[subscribe]]></Event>
<EventKey><![CDATA[]]></EventKey>
</xml>

2019-04-10 12:22:36<xml><ToUserName><![CDATA[gh_17869665399e]]></ToUserName>
<FromUserName><![CDATA[osZ2p1IY34DL7Y2ux6Ay6KW5p1Os]]></FromUserName>
<CreateTime>1554895319</CreateTime>
<MsgType><![CDATA[event]]></MsgType>
<Event><![CDATA[subscribe]]></Event>
<EventKey><![CDATA[]]></EventKey>
</xml>

2019-04-11 02:32:19<xml><ToUserName><![CDATA[gh_17869665399e]]></ToUserName>
<FromUserName><![CDATA[osZ2p1IY34DL7Y2ux6Ay6KW5p1Os]]></FromUserName>
<CreateTime>1554942556</CreateTime>
<MsgType><![CDATA[event]]></MsgType>
<Event><![CDATA[subscribe]]></Event>
<EventKey><![CDATA[]]></EventKey>
</xml>


2019-04-11 02:33:02<xml><ToUserName><![CDATA[gh_17869665399e]]></ToUserName>
<FromUserName><![CDATA[osZ2p1IY34DL7Y2ux6Ay6KW5p1Os]]></FromUserName>
<CreateTime>1554942556</CreateTime>
<MsgType><![CDATA[event]]></MsgType>
<Event><![CDATA[subscribe]]></Event>
<EventKey><![CDATA[]]></EventKey>
</xml>


2019-04-11 11:20:18<xml><ToUserName><![CDATA[gh_17869665399e]]></ToUserName>
<FromUserName><![CDATA[osZ2p1IY34DL7Y2ux6Ay6KW5p1Os]]></FromUserName>
<CreateTime>1554895319</CreateTime>
<MsgType><![CDATA[event]]></MsgType>
<Event><![CDATA[subscribe]]></Event>
<EventKey><![CDATA[]]></EventKey>
</xml>

2019-04-11 11:21:51<xml><ToUserName><![CDATA[gh_17869665399e]]></ToUserName>
<FromUserName><![CDATA[osZ2p1IY34DL7Y2ux6Ay6KW5p1Os]]></FromUserName>
<CreateTime>1554895319</CreateTime>
<MsgType><![CDATA[event]]></MsgType>
<Event><![CDATA[subscribe]]></Event>
<EventKey><![CDATA[]]></EventKey>
</xml>

2019-04-11 11:27:03<xml><ToUserName><![CDATA[gh_17869665399e]]></ToUserName>
<FromUserName><![CDATA[osZ2p1IY34DL7Y2ux6Ay6KW5p1Os]]></FromUserName>
<CreateTime>1554895319</CreateTime>
<MsgType><![CDATA[event]]></MsgType>
<Event><![CDATA[subscribe]]></Event>
<EventKey><![CDATA[]]></EventKey>
</xml>

2019-04-11 11:27:30<xml><ToUserName><![CDATA[gh_17869665399e]]></ToUserName>
<FromUserName><![CDATA[osZ2p1IY34DL7Y2ux6Ay6KW5p1Os]]></FromUserName>
<CreateTime>1554895319</CreateTime>
<MsgType><![CDATA[event]]></MsgType>
<Event><![CDATA[subscribe]]></Event>
<EventKey><![CDATA[]]></EventKey>
</xml>

2019-04-11 11:33:03<xml><ToUserName><![CDATA[gh_17869665399e]]></ToUserName>
<FromUserName><![CDATA[osZ2p1IY34DL7Y2ux6Ay6KW5p1Os]]></FromUserName>
<CreateTime>1554942556</CreateTime>
<MsgType><![CDATA[event]]></MsgType>
<Event><![CDATA[subscribe]]></Event>
<EventKey><![CDATA[]]></EventKey>
</xml>
2019-04-11 11:33:42<xml><ToUserName><![CDATA[gh_17869665399e]]></ToUserName>
<FromUserName><![CDATA[osZ2p1IY34DL7Y2ux6Ay6KW5p1Os]]></FromUserName>
<CreateTime>1554942556</CreateTime>
<MsgType><![CDATA[event]]></MsgType>
<Event><![CDATA[subscribe]]></Event>
<EventKey><![CDATA[]]></EventKey>
</xml>
2019-04-11 11:34:14<xml><ToUserName><![CDATA[gh_17869665399e]]></ToUserName>
<FromUserName><![CDATA[osZ2p1IY34DL7Y2ux6Ay6KW5p1Os]]></FromUserName>
<CreateTime>1554942556</CreateTime>
<MsgType><![CDATA[event]]></MsgType>
<Event><![CDATA[subscribe]]></Event>
<EventKey><![CDATA[]]></EventKey>
</xml>
2019-04-11 11:47:48<xml><ToUserName><![CDATA[gh_17869665399e]]></ToUserName>
<FromUserName><![CDATA[osZ2p1IY34DL7Y2ux6Ay6KW5p1Os]]></FromUserName>
<CreateTime>1554942556</CreateTime>
<MsgType><![CDATA[event]]></MsgType>
<Event><![CDATA[subscribe]]></Event>
<EventKey><![CDATA[]]></EventKey>
</xml>
2019-04-12 00:41:27<xml><ToUserName><![CDATA[gh_17869665399e]]></ToUserName>
<FromUserName><![CDATA[osZ2p1IY34DL7Y2ux6Ay6KW5p1Os]]></FromUserName>
<CreateTime>1554942556</CreateTime>
<MsgType><![CDATA[event]]></MsgType>
<Event><![CDATA[subscribe]]></Event>
<EventKey><![CDATA[]]></EventKey>
</xml>
2019-04-12 00:41:43<xml><ToUserName><![CDATA[gh_17869665399e]]></ToUserName>
<FromUserName><![CDATA[osZ2p1IY34DL7Y2ux6Ay6KW5p1Os]]></FromUserName>
<CreateTime>1554942556</CreateTime>
<MsgType><![CDATA[event]]></MsgType>
<Event><![CDATA[subscribe]]></Event>
<EventKey><![CDATA[]]></EventKey>
</xml>
2019-04-12 00:44:19<xml><ToUserName><![CDATA[gh_17869665399e]]></ToUserName>
<FromUserName><![CDATA[osZ2p1IY34DL7Y2ux6Ay6KW5p1Os]]></FromUserName>
<CreateTime>1555029839</CreateTime>
<MsgType><![CDATA[event]]></MsgType>
<Event><![CDATA[subscribe]]></Event>
<EventKey><![CDATA[]]></EventKey>
</xml>

2019-04-12 00:46:51<xml><ToUserName><![CDATA[gh_17869665399e]]></ToUserName>
<FromUserName><![CDATA[osZ2p1IY34DL7Y2ux6Ay6KW5p1Os]]></FromUserName>
<CreateTime>1555029839</CreateTime>
<MsgType><![CDATA[event]]></MsgType>
<Event><![CDATA[subscribe]]></Event>
<EventKey><![CDATA[]]></EventKey>
</xml>

2019-04-12 01:55:13<xml><ToUserName><![CDATA[gh_17869665399e]]></ToUserName>
<FromUserName><![CDATA[osZ2p1IY34DL7Y2ux6Ay6KW5p1Os]]></FromUserName>
<CreateTime>1555029839</CreateTime>
<MsgType><![CDATA[event]]></MsgType>
<Event><![CDATA[subscribe]]></Event>
<EventKey><![CDATA[]]></EventKey>
</xml>

2019-04-12 01:55:48<xml><ToUserName><![CDATA[gh_17869665399e]]></ToUserName>
<FromUserName><![CDATA[osZ2p1IY34DL7Y2ux6Ay6KW5p1Os]]></FromUserName>
<CreateTime>1555029839</CreateTime>
<MsgType><![CDATA[event]]></MsgType>
<Event><![CDATA[subscribe]]></Event>
<EventKey><![CDATA[]]></EventKey>
</xml>

2019-04-12 01:59:55<xml><ToUserName><![CDATA[gh_17869665399e]]></ToUserName>
<FromUserName><![CDATA[osZ2p1IY34DL7Y2ux6Ay6KW5p1Os]]></FromUserName>
<CreateTime>1555029839</CreateTime>
<MsgType><![CDATA[event]]></MsgType>
<Event><![CDATA[subscribe]]></Event>
<EventKey><![CDATA[]]></EventKey>
</xml>

2019-04-12 02:17:30
2019-04-12 02:20:56<xml><ToUserName><![CDATA[gh_17869665399e]]></ToUserName>
<FromUserName><![CDATA[osZ2p1IY34DL7Y2ux6Ay6KW5p1Os]]></FromUserName>
<CreateTime>1555029839</CreateTime>
<MsgType><![CDATA[event]]></MsgType>
<Event><![CDATA[subscribe]]></Event>
<EventKey><![CDATA[]]></EventKey>
</xml>

2019-04-12 02:21:50<xml><ToUserName><![CDATA[gh_17869665399e]]></ToUserName>
<FromUserName><![CDATA[osZ2p1IY34DL7Y2ux6Ay6KW5p1Os]]></FromUserName>
<CreateTime>1555029839</CreateTime>
<MsgType><![CDATA[event]]></MsgType>
<Event><![CDATA[subscribe]]></Event>
<EventKey><![CDATA[]]></EventKey>
</xml>

